2021-03-03 17:29:40,989 [checker.Main:24] [INFO]- setup environment
2021-03-03 17:29:40,989 [checker.Main:43] [INFO]- caseId:0
2021-03-03 17:29:40,989 [checker.Main:46] [INFO]- file exist.[C:/ProgramData/TW/AcqAltair/config/prague/Pyramid_reference.ply][notes:TP#63799 1/1]
2021-03-03 17:29:40,989 [checker.Main:46] [INFO]- file exist.[C:/ProgramData/TW/AcqAltair/config/prague/algorithm_parameters_02.txt][notes:TP#63799 1/1]
2021-03-03 17:29:40,990 [checker.Main:46] [INFO]- file exist.[C:/ProgramData/TW/AcqAltair/config/prague/algorithm_parameters_02Diagnose.txt][notes:TP#63799 1/1]
2021-03-03 17:29:40,990 [checker.Main:46] [INFO]- file exist.[C:/ProgramData/TW/AcqAltair/config/prague/algorithm_parameters_02resHigh.txt][notes:TP#63799 1/1]
2021-03-03 17:29:40,990 [checker.Main:46] [INFO]- file exist.[C:/ProgramData/TW/AcqAltair/config/3600/Pyramid_reference.ply][notes:TP#63799 1/1]
2021-03-03 17:29:40,990 [checker.Main:46] [INFO]- file exist.[C:/ProgramData/TW/AcqAltair/config/3600/algorithm_parameters_02.txt][notes:TP#63799 1/1]
2021-03-03 17:29:40,990 [checker.Main:46] [INFO]- file exist.[C:/ProgramData/TW/AcqAltair/config/3600/algorithm_parameters_02Diagnose.txt][notes:TP#63799 1/1]
2021-03-03 17:29:40,990 [checker.Main:46] [INFO]- file exist.[C:/ProgramData/TW/AcqAltair/config/3600/algorithm_parameters_02resHigh.txt][notes:TP#63799 1/1]
2021-03-03 17:29:40,990 [checker.Main:49] [INFO]- file doesn't exist.[Pyramid_reference.ply][notes:TP#63799 1/1]
2021-03-03 17:29:40,990 [checker.Main:49] [INFO]- file doesn't exist.[algorithm_parameters_02.txt][notes:TP#63799 1/1]
2021-03-03 17:29:40,991 [checker.Main:49] [INFO]- file doesn't exist.[algorithm_parameters_02Diagnose.txt][notes:TP#63799 1/1]
2021-03-03 17:29:40,991 [checker.Main:49] [INFO]- file doesn't exist.[algorithm_parameters_02resHigh.txt][notes:TP#63799 1/1]
2021-03-03 17:29:40,991 [checker.Main:31] [INFO]- tear down

2021-03-03 17:29:40,991 [checker.Main:24] [INFO]- setup environment
2021-03-03 17:29:40,991 [checker.Main:43] [INFO]- caseId:1
2021-03-03 17:29:40,991 [checker.Main:49] [INFO]- file doesn't exist.[C:/Program Files (x86)/Common Files/Trophy/Acquisition/AcqCS3500.dll][notes:TP#63800 1/1]
2021-03-03 17:29:40,991 [checker.Main:31] [INFO]- tear down

2021-03-03 17:29:40,991 [checker.Main:24] [INFO]- setup environment
2021-03-03 17:29:40,992 [checker.Main:54] [INFO]- caseId:2
2021-03-03 17:29:40,992 [checker.Main:58] [INFO]- value name: xls,value data:C:\Program Files (x86)\Microsoft Office\Root\Office16\EXCEL.EXE is pass
    details:[HKEY_CURRENT_USER\SOFTWARE\Microsoft\Windows\CurrentVersion\Extensions]
    notes:[Verify reg key]
2021-03-03 17:29:40,992 [checker.Main:31] [INFO]- tear down

2021-03-03 17:29:40,993 [checker.Main:36] [INFO]- caseId:0 [total:12 pass:8 fail:4]
2021-03-03 17:29:40,993 [checker.Main:36] [INFO]- caseId:1 [total:1 pass:0 fail:1]
2021-03-03 17:29:40,993 [checker.Main:36] [INFO]- caseId:2 [total:1 pass:1 fail:0]
